Arguments: 
  C:\Program Files\nodejs\node.exe C:\Users\sofia\AppData\Roaming\npm\node_modules\yarn\bin\yarn.js add

PATH: 
  C:\Users\sofia\bin;C:\Program Files\Git\mingw64\bin;C:\Program Files\Git\usr\local\bin;C:\Program Files\Git\usr\bin;C:\Program Files\Git\usr\bin;C:\Program Files\Git\mingw64\bin;C:\Program Files\Git\usr\bin;C:\Users\sofia\bin;C:\Windows\system32;C:\Windows;C:\Windows\System32\Wbem;C:\Windows\System32\WindowsPowerShell\v1.0;C:\Windows\System32\OpenSSH;C:\Program Files (x86)\NVIDIA Corporation\PhysX\Common;C:\Program Files\NVIDIA Corporation\NVIDIA NvDLISR;C:\WINDOWS\system32;C:\WINDOWS;C:\WINDOWS\System32\Wbem;C:\WINDOWS\System32\WindowsPowerShell\v1.0;C:\WINDOWS\System32\OpenSSH;C:\Program Files\nodejs;C:\Program Files\Git\cmd;C:\Users\sofia\AppData\Local\Programs\Python\Python37\Scripts;C:\Users\sofia\AppData\Local\Programs\Python\Python37;C:\Users\sofia\AppData\Local\Microsoft\WindowsApps;C:\Users\sofia\AppData\Local\Programs\Microsoft VS Code\bin;C:\Users\sofia\AppData\Roaming\npm;C:\Program Files\Git\usr\bin\vendor_perl;C:\Program Files\Git\usr\bin\core_perl

Yarn version: 
  1.22.11

Node version: 
  14.17.1

Platform: 
  win32 x64

Trace: 
  SyntaxError: C:\Users\sofia\Desktop\Learning course\konexio\le-bon-plan-backend\package.json: Unexpected token < in JSON at position 471
      at JSON.parse (<anonymous>)
      at C:\Users\sofia\AppData\Roaming\npm\node_modules\yarn\lib\cli.js:1625:59
      at Generator.next (<anonymous>)
      at step (C:\Users\sofia\AppData\Roaming\npm\node_modules\yarn\lib\cli.js:310:30)
      at C:\Users\sofia\AppData\Roaming\npm\node_modules\yarn\lib\cli.js:321:13

npm manifest: 
  {
    "name": "le-bon-plan-backend",
    "version": "1.0.0",
    "description": "",
    "main": "index.js",
    "scripts": {
      "test": "echo \"Error: no test specified\" && exit 1",
      "start": "node-dev index.js"
    },
    "author": "",
    "license": "ISC",
    "dependencies": {
      "bcrypt": "^5.0.1",
      "cookie-parser": "^1.4.5",
      "cors": "^2.8.5",
      "crypto": "^1.0.1",
      "dotenv": "^10.0.0",
      "ejs": "^3.1.6",
      "express": "^4.17.1",
      "jsonwebtoken": "^8.5.1",
  <<<<<<< HEAD
      "mongoose": "^6.0.12"
  =======
      "mongoose": "^6.0.12",
      "passport": "^0.5.0",
      "passport-local": "^1.0.0"
    },
    "devDependencies": {
      "node-dev": "^7.1.0"
  >>>>>>> 25dc0476e4b1e5f7c501395c15d16a5f4b39ceef
    }
  }

yarn manifest: 
  No manifest

Lockfile: 
  No lockfile
